2019-02-12 11:28:41.306 [background-preinit] INFO  org.hibernate.validator.internal.util.Version - HV000001: Hibernate Validator 5.3.6.Final
2019-02-12 11:28:46.078 [main] INFO  com.alibaba.lcc.AlibabaApplication - Starting AlibabaApplication on lichengchengdeMacBook-Air.local with PID 24019 (/Users/setsun/IdeaProjects/school_code/alibaba_lcc_client/target/classes started by setsun in /Users/setsun/IdeaProjects/school_code/alibaba_lcc_client)
2019-02-12 11:28:46.078 [main] INFO  com.alibaba.lcc.AlibabaApplication - The following profiles are active: dev
2019-02-12 11:28:46.130 [main] INFO  o.s.b.c.e.AnnotationConfigEmbeddedWebApplicationContext - Refreshing org.springframework.boot.context.embedded.AnnotationConfigEmbeddedWebApplicationContext@3911c2a7: startup date [Tue Feb 12 11:28:46 CST 2019]; root of context hierarchy
2019-02-12 11:28:47.796 [main] INFO  o.s.b.c.e.tomcat.TomcatEmbeddedServletContainer - Tomcat initialized with port(s): 8888 (http)
2019-02-12 11:28:47.808 [main] INFO  org.apache.catalina.core.StandardService - Starting service [Tomcat]
2019-02-12 11:28:47.809 [main] INFO  org.apache.catalina.core.StandardEngine - Starting Servlet Engine: Apache Tomcat/8.5.27
2019-02-12 11:28:47.920 [localhost-startStop-1] INFO  o.a.c.core.ContainerBase.[Tomcat].[localhost].[/] - Initializing Spring embedded WebApplicationContext
2019-02-12 11:28:47.920 [localhost-startStop-1] INFO  org.springframework.web.context.ContextLoader - Root WebApplicationContext: initialization completed in 1790 ms
2019-02-12 11:28:48.193 [localhost-startStop-1] INFO  o.s.boot.web.servlet.ServletRegistrationBean - Mapping servlet: 'dispatcherServlet' to [/]
2019-02-12 11:28:48.197 [localhost-startStop-1] INFO  o.s.boot.web.servlet.ServletRegistrationBean - Mapping servlet: 'statViewServlet' to [/druid/*]
2019-02-12 11:28:48.201 [localhost-startStop-1] INFO  o.s.boot.web.servlet.FilterRegistrationBean - Mapping filter: 'characterEncodingFilter' to: [/*]
2019-02-12 11:28:48.202 [localhost-startStop-1] INFO  o.s.boot.web.servlet.FilterRegistrationBean - Mapping filter: 'hiddenHttpMethodFilter' to: [/*]
2019-02-12 11:28:48.202 [localhost-startStop-1] INFO  o.s.boot.web.servlet.FilterRegistrationBean - Mapping filter: 'httpPutFormContentFilter' to: [/*]
2019-02-12 11:28:48.202 [localhost-startStop-1] INFO  o.s.boot.web.servlet.FilterRegistrationBean - Mapping filter: 'requestContextFilter' to: [/*]
2019-02-12 11:28:48.202 [localhost-startStop-1] INFO  o.s.boot.web.servlet.FilterRegistrationBean - Mapping filter: 'webStatFilter' to urls: [/*]
2019-02-12 11:28:49.754 [main] INFO  o.s.w.s.m.m.a.RequestMappingHandlerAdapter - Looking for @ControllerAdvice: org.springframework.boot.context.embedded.AnnotationConfigEmbeddedWebApplicationContext@3911c2a7: startup date [Tue Feb 12 11:28:46 CST 2019]; root of context hierarchy
2019-02-12 11:28:49.838 [main] INFO  o.s.w.s.m.m.a.RequestMappingHandlerMapping - Mapped "{[/d/download]}" onto public java.lang.String com.alibaba.lcc.controller.BaseController.downloadData()
2019-02-12 11:28:49.840 [main] INFO  o.s.w.s.m.m.a.RequestMappingHandlerMapping - Mapped "{[/d/downZIP]}" onto public java.lang.String com.alibaba.lcc.controller.BaseController.downloadZIP(javax.servlet.http.HttpServletResponse,java.lang.String)
2019-02-12 11:28:49.843 [main] INFO  o.s.w.s.m.m.a.RequestMappingHandlerMapping - Mapped "{[/error]}" onto public org.springframework.http.ResponseEntity<java.util.Map<java.lang.String, java.lang.Object>> org.springframework.boot.autoconfigure.web.BasicErrorController.error(javax.servlet.http.HttpServletRequest)
2019-02-12 11:28:49.845 [main] INFO  o.s.w.s.m.m.a.RequestMappingHandlerMapping - Mapped "{[/error],produces=[text/html]}" onto public org.springframework.web.servlet.ModelAndView org.springframework.boot.autoconfigure.web.BasicErrorController.errorHtml(javax.servlet.http.HttpServletRequest,javax.servlet.http.HttpServletResponse)
2019-02-12 11:28:49.883 [main] INFO  o.s.web.servlet.handler.SimpleUrlHandlerMapping - Mapped URL path [/webjars/**] onto handler of type [class org.springframework.web.servlet.resource.ResourceHttpRequestHandler]
2019-02-12 11:28:49.884 [main] INFO  o.s.web.servlet.handler.SimpleUrlHandlerMapping - Mapped URL path [/**] onto handler of type [class org.springframework.web.servlet.resource.ResourceHttpRequestHandler]
2019-02-12 11:28:49.935 [main] INFO  o.s.web.servlet.handler.SimpleUrlHandlerMapping - Mapped URL path [/**/favicon.ico] onto handler of type [class org.springframework.web.servlet.resource.ResourceHttpRequestHandler]
2019-02-12 11:28:50.592 [main] INFO  o.s.jmx.export.annotation.AnnotationMBeanExporter - Registering beans for JMX exposure on startup
2019-02-12 11:28:50.594 [main] INFO  o.s.jmx.export.annotation.AnnotationMBeanExporter - Bean with name 'statFilter' has been autodetected for JMX exposure
2019-02-12 11:28:50.595 [main] INFO  o.s.jmx.export.annotation.AnnotationMBeanExporter - Bean with name 'dataSource' has been autodetected for JMX exposure
2019-02-12 11:28:50.601 [main] INFO  o.s.jmx.export.annotation.AnnotationMBeanExporter - Located MBean 'dataSource': registering with JMX server as MBean [com.alibaba.druid.spring.boot.autoconfigure:name=dataSource,type=DruidDataSourceWrapper]
2019-02-12 11:28:50.605 [main] INFO  o.s.jmx.export.annotation.AnnotationMBeanExporter - Located MBean 'statFilter': registering with JMX server as MBean [com.alibaba.druid.filter.stat:name=statFilter,type=StatFilter]
2019-02-12 11:28:50.610 [main] INFO  o.s.context.support.DefaultLifecycleProcessor - Starting beans in phase 2147483647
2019-02-12 11:28:50.624 [main] INFO  org.apache.coyote.http11.Http11NioProtocol - Initializing ProtocolHandler ["http-nio-8888"]
2019-02-12 11:28:50.639 [main] INFO  org.apache.coyote.http11.Http11NioProtocol - Starting ProtocolHandler ["http-nio-8888"]
2019-02-12 11:28:50.674 [main] INFO  org.apache.tomcat.util.net.NioSelectorPool - Using a shared selector for servlet write/read
2019-02-12 11:28:50.696 [main] INFO  o.s.b.c.e.tomcat.TomcatEmbeddedServletContainer - Tomcat started on port(s): 8888 (http)
2019-02-12 11:28:50.705 [main] INFO  com.alibaba.lcc.AlibabaApplication - Started AlibabaApplication in 20.681 seconds (JVM running for 27.287)
2019-02-14 18:20:21.583 [Thread-43] INFO  o.s.b.c.e.AnnotationConfigEmbeddedWebApplicationContext - Closing org.springframework.boot.context.embedded.AnnotationConfigEmbeddedWebApplicationContext@3911c2a7: startup date [Tue Feb 12 11:28:46 CST 2019]; root of context hierarchy
2019-02-14 18:20:21.860 [Thread-43] INFO  o.s.context.support.DefaultLifecycleProcessor - Stopping beans in phase 2147483647
2019-02-14 18:20:21.877 [Thread-43] INFO  o.s.jmx.export.annotation.AnnotationMBeanExporter - Unregistering JMX-exposed beans on shutdown
2019-02-14 18:20:21.882 [Thread-43] INFO  o.s.jmx.export.annotation.AnnotationMBeanExporter - Unregistering JMX-exposed beans
